<?xml version="1.0" encoding="UTF-8"?>
<!-- Generated by org.testng.reporters.JUnitReportReporter -->
<testsuite hostname="LTIN377195" failures="0" tests="1" name="com.Runner.TestRunner" time="8.817" errors="0" timestamp="2025-03-13T14:40:57 IST" skipped="0">
  <testcase classname="com.Runner.TestRunner" name="runScenario" time="8.817"/>
  <system-out/>
</testsuite> <!-- com.Runner.TestRunner -->
