<?xml version="1.0" encoding="UTF-8"?>
<!-- Generated by org.testng.reporters.JUnitReportReporter -->
<testsuite hostname="LTIN377195" failures="0" tests="1" name="com.Runner.NGNewTest" time="0.062" errors="0" timestamp="2025-03-04T20:35:04 IST" skipped="0">
  <testcase classname="com.Runner.NGNewTest" name="startGreenKartPage" time="0.062"/>
  <system-out/>
</testsuite> <!-- com.Runner.NGNewTest -->
