<?xml version="1.0" encoding="UTF-8"?>
<!-- Generated by org.testng.reporters.JUnitReportReporter -->
<testsuite hostname="LTIN377195" failures="0" tests="1" name="com.Runner.TestRunner" time="8.550" errors="0" timestamp="2025-03-05T19:59:57 IST" skipped="0">
  <testcase classname="com.Runner.TestRunner" name="runScenario" time="8.550"/>
  <system-out/>
</testsuite> <!-- com.Runner.TestRunner -->
